#
# A fatal error has been detected by the Java Runtime Environment:
#
#  Internal Error (javaClasses.cpp:129), pid=6135, tid=140299900479232
#  fatal error: Invalid layout of preloaded class
#
# JRE version: 7.0_25-b30
# Java VM: OpenJDK 64-Bit Server VM (23.7-b01 mixed mode linux-amd64 compressed oops)
# Failed to write core dump. Core dumps have been disabled. To enable core dumping, try "ulimit -c unlimited" before starting Java again
#
# If you would like to submit a bug report, please include
# instructions on how to reproduce the bug and visit:
#   https://bugs.launchpad.net/ubuntu/+source/openjdk-7/
#

---------------  T H R E A D  ---------------

Current thread (0x00007f9a14009000):  JavaThread "Unknown thread" [_thread_in_vm, id=6137, stack(0x00007f9a1daae000,0x00007f9a1dbaf000)]

Stack: [0x00007f9a1daae000,0x00007f9a1dbaf000],  sp=0x00007f9a1dbad9a0,  free space=1022k
Native frames: (J=compiled Java code, j=interpreted, Vv=VM code, C=native code)
V  [libjvm.so+0x84e92b]  VMError::report_and_die()+0x16b
V  [libjvm.so+0x3ebd57]  report_fatal(char const*, int, char const*)+0x57
V  [libjvm.so+0x528efa]  compute_offset(int&, klassOopDesc*, Symbol*, Symbol*, bool) [clone .constprop.123]+0x11a
V  [libjvm.so+0x529166]  java_lang_String::compute_offsets()+0x36
V  [libjvm.so+0x7dcf8d]  SystemDictionary::initialize_preloaded_classes(Thread*)+0x3d
V  [libjvm.so+0x829288]  Universe::genesis(Thread*)+0x468
V  [libjvm.so+0x82973f]  universe2_init()+0x1f
V  [libjvm.so+0x4dde1a]  init_globals()+0x9a
V  [libjvm.so+0x80d26c]  Threads::create_vm(JavaVMInitArgs*, bool*)+0x39c
V  [libjvm.so+0x545278]  JNI_CreateJavaVM+0x58
C  [libjli.so+0x2b34]  __strcat_chk+0x2b34


---------------  P R O C E S S  ---------------

Java Threads: ( => current thread )

Other Threads:

=>0x00007f9a14009000 (exited) JavaThread "Unknown thread" [_thread_in_vm, id=6137, stack(0x00007f9a1daae000,0x00007f9a1dbaf000)]

VM state:not at safepoint (not fully initialized)

VM Mutex/Monitor currently owned by a thread: None

GC Heap History (0 events):
No events

Deoptimization events (0 events):
No events

Internal exceptions (0 events):
No events

Events (10 events):
Event: 0.006 loading class 0x00007f9a1402a4e0
Event: 0.007 loading class 0x00007f9a1402a4e0 done
Event: 0.007 loading class 0x00007f9a1402a540
Event: 0.007 loading class 0x00007f9a1402aca0
Event: 0.007 loading class 0x00007f9a1402aca0 done
Event: 0.007 loading class 0x00007f9a140545c0
Event: 0.007 loading class 0x00007f9a140545c0 done
Event: 0.007 loading class 0x00007f9a1402a540 done
Event: 0.007 loading class 0x00007f9a1402a510
Event: 0.008 loading class 0x00007f9a1402a510 done


Dynamic libraries:
00400000-00401000 r-xp 00000000 08:06 7738694                            /usr/lib/jvm/java-7-openjdk-amd64/jre/bin/java
00600000-00601000 r--p 00000000 08:06 7738694                            /usr/lib/jvm/java-7-openjdk-amd64/jre/bin/java
00601000-00602000 rw-p 00001000 08:06 7738694                            /usr/lib/jvm/java-7-openjdk-amd64/jre/bin/java
008a3000-008c4000 rw-p 00000000 00:00 0                                  [heap]
99a00000-9aec0000 rw-p 00000000 00:00 0 
9aec0000-a4000000 rw-p 00000000 00:00 0 
a4000000-a7d50000 rw-p 00000000 00:00 0 
a7d50000-e1560000 rw-p 00000000 00:00 0 
e1560000-e3400000 rw-p 00000000 00:00 0 
e3400000-100000000 rw-p 00000000 00:00 0 
7f99f4000000-7f99f4021000 rw-p 00000000 00:00 0 
7f99f4021000-7f99f8000000 ---p 00000000 00:00 0 
7f99fc000000-7f99fc021000 rw-p 00000000 00:00 0 
7f99fc021000-7f9a00000000 ---p 00000000 00:00 0 
7f9a04000000-7f9a04021000 rw-p 00000000 00:00 0 
7f9a04021000-7f9a08000000 ---p 00000000 00:00 0 
7f9a08cd0000-7f9a0c000000 rw-p 00000000 00:00 0 
7f9a0c000000-7f9a0c021000 rw-p 00000000 00:00 0 
7f9a0c021000-7f9a10000000 ---p 00000000 00:00 0 
7f9a11000000-7f9a11270000 rwxp 00000000 00:00 0 
7f9a11270000-7f9a1405f000 rw-p 00000000 00:00 0 
7f9a1405f000-7f9a18000000 ---p 00000000 00:00 0 
7f9a18fce000-7f9a19ece000 rw-p 00000000 00:00 0 
7f9a19ece000-7f9a19ecf000 ---p 00000000 00:00 0 
7f9a19ecf000-7f9a19fcf000 rw-p 00000000 00:00 0                          [stack:6141]
7f9a19fcf000-7f9a19fd0000 ---p 00000000 00:00 0 
7f9a19fd0000-7f9a1a0d0000 rw-p 00000000 00:00 0                          [stack:6140]
7f9a1a0d0000-7f9a1a0d1000 ---p 00000000 00:00 0 
7f9a1a0d1000-7f9a1a1d1000 rw-p 00000000 00:00 0                          [stack:6139]
7f9a1a1d1000-7f9a1a1d2000 ---p 00000000 00:00 0 
7f9a1a1d2000-7f9a1a2dd000 rw-p 00000000 00:00 0                          [stack:6138]
7f9a1a2dd000-7f9a1a325000 rw-p 00000000 00:00 0 
7f9a1a325000-7f9a1a344000 rw-p 00000000 00:00 0 
7f9a1a344000-7f9a1a510000 rw-p 00000000 00:00 0 
7f9a1a510000-7f9a1a51b000 rw-p 00000000 00:00 0 
7f9a1a51b000-7f9a1a563000 rw-p 00000000 00:00 0 
7f9a1a563000-7f9a1a582000 rw-p 00000000 00:00 0 
7f9a1a582000-7f9a1a74d000 rw-p 00000000 00:00 0 
7f9a1a74d000-7f9a1a75d000 rw-p 00000000 00:00 0 
7f9a1a75d000-7f9a1a843000 rw-p 00000000 00:00 0 
7f9a1a843000-7f9a1a844000 rw-p 00000000 00:00 0 
7f9a1a844000-7f9a1a84c000 r-xp 00000000 08:06 7738693                    /usr/lib/jvm/java-7-openjdk-amd64/jre/lib/amd64/libzip.so
7f9a1a84c000-7f9a1aa4b000 ---p 00008000 08:06 7738693                    /usr/lib/jvm/java-7-openjdk-amd64/jre/lib/amd64/libzip.so
7f9a1aa4b000-7f9a1aa4c000 r--p 00007000 08:06 7738693                    /usr/lib/jvm/java-7-openjdk-amd64/jre/lib/amd64/libzip.so
7f9a1aa4c000-7f9a1aa4d000 rw-p 00008000 08:06 7738693                    /usr/lib/jvm/java-7-openjdk-amd64/jre/lib/amd64/libzip.so
7f9a1aa4d000-7f9a1aa59000 r-xp 00000000 08:06 12324753                   /lib/x86_64-linux-gnu/libnss_files-2.17.so
7f9a1aa59000-7f9a1ac58000 ---p 0000c000 08:06 12324753                   /lib/x86_64-linux-gnu/libnss_files-2.17.so
7f9a1ac58000-7f9a1ac59000 r--p 0000b000 08:06 12324753                   /lib/x86_64-linux-gnu/libnss_files-2.17.so
7f9a1ac59000-7f9a1ac5a000 rw-p 0000c000 08:06 12324753                   /lib/x86_64-linux-gnu/libnss_files-2.17.so
7f9a1ac5a000-7f9a1ac65000 r-xp 00000000 08:06 12324760                   /lib/x86_64-linux-gnu/libnss_nis-2.17.so
7f9a1ac65000-7f9a1ae64000 ---p 0000b000 08:06 12324760                   /lib/x86_64-linux-gnu/libnss_nis-2.17.so
7f9a1ae64000-7f9a1ae65000 r--p 0000a000 08:06 12324760                   /lib/x86_64-linux-gnu/libnss_nis-2.17.so
7f9a1ae65000-7f9a1ae66000 rw-p 0000b000 08:06 12324760                   /lib/x86_64-linux-gnu/libnss_nis-2.17.so
7f9a1ae66000-7f9a1ae7d000 r-xp 00000000 08:06 12324749                   /lib/x86_64-linux-gnu/libnsl-2.17.so
7f9a1ae7d000-7f9a1b07c000 ---p 00017000 08:06 12324749                   /lib/x86_64-linux-gnu/libnsl-2.17.so
7f9a1b07c000-7f9a1b07d000 r--p 00016000 08:06 12324749                   /lib/x86_64-linux-gnu/libnsl-2.17.so
7f9a1b07d000-7f9a1b07e000 rw-p 00017000 08:06 12324749                   /lib/x86_64-linux-gnu/libnsl-2.17.so
7f9a1b07e000-7f9a1b080000 rw-p 00000000 00:00 0 
7f9a1b080000-7f9a1b088000 r-xp 00000000 08:06 12324762                   /lib/x86_64-linux-gnu/libnss_compat-2.17.so
7f9a1b088000-7f9a1b287000 ---p 00008000 08:06 12324762                   /lib/x86_64-linux-gnu/libnss_compat-2.17.so
7f9a1b287000-7f9a1b288000 r--p 00007000 08:06 12324762                   /lib/x86_64-linux-gnu/libnss_compat-2.17.so
7f9a1b288000-7f9a1b289000 rw-p 00008000 08:06 12324762                   /lib/x86_64-linux-gnu/libnss_compat-2.17.so
7f9a1b289000-7f9a1b2b4000 r-xp 00000000 08:06 7738678                    /usr/lib/jvm/java-7-openjdk-amd64/jre/lib/amd64/libjava.so
7f9a1b2b4000-7f9a1b4b3000 ---p 0002b000 08:06 7738678                    /usr/lib/jvm/java-7-openjdk-amd64/jre/lib/amd64/libjava.so
7f9a1b4b3000-7f9a1b4b4000 r--p 0002a000 08:06 7738678                    /usr/lib/jvm/java-7-openjdk-amd64/jre/lib/amd64/libjava.so
7f9a1b4b4000-7f9a1b4b6000 rw-p 0002b000 08:06 7738678                    /usr/lib/jvm/java-7-openjdk-amd64/jre/lib/amd64/libjava.so
7f9a1b4b6000-7f9a1b4c5000 r-xp 00000000 08:06 7738677                    /usr/lib/jvm/java-7-openjdk-amd64/jre/lib/amd64/libverify.so
7f9a1b4c5000-7f9a1b6c4000 ---p 0000f000 08:06 7738677                    /usr/lib/jvm/java-7-openjdk-amd64/jre/lib/amd64/libverify.so
7f9a1b6c4000-7f9a1b6c6000 r--p 0000e000 08:06 7738677                    /usr/lib/jvm/java-7-openjdk-amd64/jre/lib/amd64/libverify.so
7f9a1b6c6000-7f9a1b6c7000 rw-p 00010000 08:06 7738677                    /usr/lib/jvm/java-7-openjdk-amd64/jre/lib/amd64/libverify.so
7f9a1b6c7000-7f9a1b6ce000 r-xp 00000000 08:06 12324756                   /lib/x86_64-linux-gnu/librt-2.17.so
7f9a1b6ce000-7f9a1b8cd000 ---p 00007000 08:06 12324756                   /lib/x86_64-linux-gnu/librt-2.17.so
7f9a1b8cd000-7f9a1b8ce000 r--p 00006000 08:06 12324756                   /lib/x86_64-linux-gnu/librt-2.17.so
7f9a1b8ce000-7f9a1b8cf000 rw-p 00007000 08:06 12324756                   /lib/x86_64-linux-gnu/librt-2.17.so
7f9a1b8cf000-7f9a1b8e4000 r-xp 00000000 08:06 12321644                   /lib/x86_64-linux-gnu/libgcc_s.so.1
7f9a1b8e4000-7f9a1bae3000 ---p 00015000 08:06 12321644                   /lib/x86_64-linux-gnu/libgcc_s.so.1
7f9a1bae3000-7f9a1bae4000 r--p 00014000 08:06 12321644                   /lib/x86_64-linux-gnu/libgcc_s.so.1
7f9a1bae4000-7f9a1bae5000 rw-p 00015000 08:06 12321644                   /lib/x86_64-linux-gnu/libgcc_s.so.1
7f9a1bae5000-7f9a1bbe8000 r-xp 00000000 08:06 12324761                   /lib/x86_64-linux-gnu/libm-2.17.so
7f9a1bbe8000-7f9a1bde8000 ---p 00103000 08:06 12324761                   /lib/x86_64-linux-gnu/libm-2.17.so
7f9a1bde8000-7f9a1bde9000 r--p 00103000 08:06 12324761                   /lib/x86_64-linux-gnu/libm-2.17.so
7f9a1bde9000-7f9a1bdea000 rw-p 00104000 08:06 12324761                   /lib/x86_64-linux-gnu/libm-2.17.so
7f9a1bdea000-7f9a1bed0000 r-xp 00000000 08:06 7613769                    /usr/lib/x86_64-linux-gnu/libstdc++.so.6.0.18
7f9a1bed0000-7f9a1c0cf000 ---p 000e6000 08:06 7613769                    /usr/lib/x86_64-linux-gnu/libstdc++.so.6.0.18
7f9a1c0cf000-7f9a1c0d7000 r--p 000e5000 08:06 7613769                    /usr/lib/x86_64-linux-gnu/libstdc++.so.6.0.18
7f9a1c0d7000-7f9a1c0d9000 rw-p 000ed000 08:06 7613769                    /usr/lib/x86_64-linux-gnu/libstdc++.so.6.0.18
7f9a1c0d9000-7f9a1c0ee000 rw-p 00000000 00:00 0 
7f9a1c0ee000-7f9a1cade000 r-xp 00000000 08:06 7738682                    /usr/lib/jvm/java-7-openjdk-amd64/jre/lib/amd64/server/libjvm.so
7f9a1cade000-7f9a1ccdd000 ---p 009f0000 08:06 7738682                    /usr/lib/jvm/java-7-openjdk-amd64/jre/lib/amd64/server/libjvm.so
7f9a1ccdd000-7f9a1cd5c000 r--p 009ef000 08:06 7738682                    /usr/lib/jvm/java-7-openjdk-amd64/jre/lib/amd64/server/libjvm.so
7f9a1cd5c000-7f9a1cd7f000 rw-p 00a6e000 08:06 7738682                    /usr/lib/jvm/java-7-openjdk-amd64/jre/lib/amd64/server/libjvm.so
7f9a1cd7f000-7f9a1cdaa000 rw-p 00000000 00:00 0 
7f9a1cdaa000-7f9a1cdc0000 r-xp 00000000 08:06 12324633                   /lib/x86_64-linux-gnu/libz.so.1.2.7
7f9a1cdc0000-7f9a1cfbf000 ---p 00016000 08:06 12324633                   /lib/x86_64-linux-gnu/libz.so.1.2.7
7f9a1cfbf000-7f9a1cfc0000 r--p 00015000 08:06 12324633                   /lib/x86_64-linux-gnu/libz.so.1.2.7
7f9a1cfc0000-7f9a1cfc1000 rw-p 00016000 08:06 12324633                   /lib/x86_64-linux-gnu/libz.so.1.2.7
7f9a1cfc1000-7f9a1cfd9000 r-xp 00000000 08:06 12324750                   /lib/x86_64-linux-gnu/libpthread-2.17.so
7f9a1cfd9000-7f9a1d1d8000 ---p 00018000 08:06 12324750                   /lib/x86_64-linux-gnu/libpthread-2.17.so
7f9a1d1d8000-7f9a1d1d9000 r--p 00017000 08:06 12324750                   /lib/x86_64-linux-gnu/libpthread-2.17.so
7f9a1d1d9000-7f9a1d1da000 rw-p 00018000 08:06 12324750                   /lib/x86_64-linux-gnu/libpthread-2.17.so
7f9a1d1da000-7f9a1d1de000 rw-p 00000000 00:00 0 
7f9a1d1de000-7f9a1d1e1000 r-xp 00000000 08:06 12324752                   /lib/x86_64-linux-gnu/libdl-2.17.so
7f9a1d1e1000-7f9a1d3e0000 ---p 00003000 08:06 12324752                   /lib/x86_64-linux-gnu/libdl-2.17.so
7f9a1d3e0000-7f9a1d3e1000 r--p 00002000 08:06 12324752                   /lib/x86_64-linux-gnu/libdl-2.17.so
7f9a1d3e1000-7f9a1d3e2000 rw-p 00003000 08:06 12324752                   /lib/x86_64-linux-gnu/libdl-2.17.so
7f9a1d3e2000-7f9a1d5a1000 r-xp 00000000 08:06 12324764                   /lib/x86_64-linux-gnu/libc-2.17.so
7f9a1d5a1000-7f9a1d7a0000 ---p 001bf000 08:06 12324764                   /lib/x86_64-linux-gnu/libc-2.17.so
7f9a1d7a0000-7f9a1d7a4000 r--p 001be000 08:06 12324764                   /lib/x86_64-linux-gnu/libc-2.17.so
7f9a1d7a4000-7f9a1d7a6000 rw-p 001c2000 08:06 12324764                   /lib/x86_64-linux-gnu/libc-2.17.so
7f9a1d7a6000-7f9a1d7ab000 rw-p 00000000 00:00 0 
7f9a1d7ab000-7f9a1d7b8000 r-xp 00000000 08:06 7738661                    /usr/lib/jvm/java-7-openjdk-amd64/jre/lib/amd64/jli/libjli.so
7f9a1d7b8000-7f9a1d9b7000 ---p 0000d000 08:06 7738661                    /usr/lib/jvm/java-7-openjdk-amd64/jre/lib/amd64/jli/libjli.so
7f9a1d9b7000-7f9a1d9b8000 r--p 0000c000 08:06 7738661                    /usr/lib/jvm/java-7-openjdk-amd64/jre/lib/amd64/jli/libjli.so
7f9a1d9b8000-7f9a1d9b9000 rw-p 0000d000 08:06 7738661                    /usr/lib/jvm/java-7-openjdk-amd64/jre/lib/amd64/jli/libjli.so
7f9a1d9b9000-7f9a1d9dc000 r-xp 00000000 08:06 12324743                   /lib/x86_64-linux-gnu/ld-2.17.so
7f9a1d9ee000-7f9a1d9f8000 rw-p 00000000 00:00 0 
7f9a1d9f8000-7f9a1daae000 rw-p 00000000 00:00 0 
7f9a1daae000-7f9a1dab1000 ---p 00000000 00:00 0 
7f9a1dab1000-7f9a1dbb4000 rw-p 00000000 00:00 0                          [stack:6137]
7f9a1dbbd000-7f9a1dbbf000 rw-p 00000000 00:00 0 
7f9a1dbbf000-7f9a1dbcf000 r--s 000bf000 08:06 812416                     /home/leni/leJOS_NXJ/lib/nxt/classes.jar
7f9a1dbcf000-7f9a1dbd7000 rw-s 00000000 08:06 10622258                   /tmp/hsperfdata_leni/6135
7f9a1dbd7000-7f9a1dbd8000 rw-p 00000000 00:00 0 
7f9a1dbd8000-7f9a1dbd9000 r--p 00000000 00:00 0 
7f9a1dbd9000-7f9a1dbdb000 rw-p 00000000 00:00 0 
7f9a1dbdb000-7f9a1dbdc000 r--p 00022000 08:06 12324743                   /lib/x86_64-linux-gnu/ld-2.17.so
7f9a1dbdc000-7f9a1dbde000 rw-p 00023000 08:06 12324743                   /lib/x86_64-linux-gnu/ld-2.17.so
7fffc2120000-7fffc2141000 rw-p 00000000 00:00 0                          [stack]
7fffc2178000-7fffc217a000 r-xp 00000000 00:00 0                          [vdso]
ffffffffff600000-ffffffffff601000 r-xp 00000000 00:00 0                  [vsyscall]

VM Arguments:
jvm_args: -Dfile.encoding=UTF-8 -Xbootclasspath:/home/leni/leJOS_NXJ/lib/nxt/classes.jar 
java_command: Main
Launcher Type: SUN_STANDARD

Environment Variables:
PATH=/home/leni/leJOS_NXJ/bin:/usr/local/sbin:/usr/local/bin:/usr/sbin:/usr/bin:/sbin:/bin:/usr/games:/usr/local/games
USERNAME=leni
SHELL=/bin/bash
DISPLAY=:0

Signal Handlers:
SIGSEGV: [libjvm.so+0x84f410], sa_mask[0]=0x7ffbfeff, sa_flags=0x10000004
SIGBUS: [libjvm.so+0x84f410], sa_mask[0]=0x7ffbfeff, sa_flags=0x10000004
SIGFPE: [libjvm.so+0x6f19a0], sa_mask[0]=0x7ffbfeff, sa_flags=0x10000004
SIGPIPE: [libjvm.so+0x6f19a0], sa_mask[0]=0x7ffbfeff, sa_flags=0x10000004
SIGXFSZ: [libjvm.so+0x6f19a0], sa_mask[0]=0x7ffbfeff, sa_flags=0x10000004
SIGILL: [libjvm.so+0x6f19a0], sa_mask[0]=0x7ffbfeff, sa_flags=0x10000004
SIGUSR1: SIG_DFL, sa_mask[0]=0x00000000, sa_flags=0x00000000
SIGUSR2: [libjvm.so+0x6f1d70], sa_mask[0]=0x00000004, sa_flags=0x10000004
SIGHUP: SIG_DFL, sa_mask[0]=0x00000000, sa_flags=0x00000000
SIGINT: SIG_DFL, sa_mask[0]=0x00000000, sa_flags=0x00000000
SIGTERM: SIG_DFL, sa_mask[0]=0x00000000, sa_flags=0x00000000
SIGQUIT: SIG_DFL, sa_mask[0]=0x00000000, sa_flags=0x00000000


---------------  S Y S T E M  ---------------

OS:LinuxMint 15 (olivia)
uname:Linux 3.8.0-34-generic #49-Ubuntu SMP Tue Nov 12 18:00:10 UTC 2013 x86_64
libc:glibc 2.17 NPTL 2.17 
rlimit: STACK 8192k, CORE 0k, NPROC 46782, NOFILE 4096, AS infinity
load average:0.19 0.20 0.17

/proc/meminfo:
MemTotal:        6022300 kB
MemFree:         3700120 kB
Buffers:           77400 kB
Cached:           926012 kB
SwapCached:            0 kB
Active:          1459156 kB
Inactive:         690280 kB
Active(anon):    1151980 kB
Inactive(anon):   170248 kB
Active(file):     307176 kB
Inactive(file):   520032 kB
Unevictable:          32 kB
Mlocked:              32 kB
SwapTotal:      24814588 kB
SwapFree:       24814588 kB
Dirty:                12 kB
Writeback:             0 kB
AnonPages:       1146596 kB
Mapped:           196032 kB
Shmem:            176004 kB
Slab:              67632 kB
SReclaimable:      42628 kB
SUnreclaim:        25004 kB
KernelStack:        3704 kB
PageTables:        22740 kB
NFS_Unstable:          0 kB
Bounce:                0 kB
WritebackTmp:          0 kB
CommitLimit:    27825736 kB
Committed_AS:    3518960 kB
VmallocTotal:   34359738367 kB
VmallocUsed:      360328 kB
VmallocChunk:   34359375404 kB
HardwareCorrupted:     0 kB
AnonHugePages:         0 kB
HugePages_Total:       0
HugePages_Free:        0
HugePages_Rsvd:        0
HugePages_Surp:        0
Hugepagesize:       2048 kB
DirectMap4k:       77812 kB
DirectMap2M:     6129664 kB


CPU:total 4 (2 cores per cpu, 2 threads per core) family 6 model 42 stepping 7, cmov, cx8, fxsr, mmx, sse, sse2, sse3, ssse3, sse4.1, sse4.2, popcnt, avx, ht, tsc, tscinvbit

/proc/cpuinfo:
processor	: 0
vendor_id	: GenuineIntel
cpu family	: 6
model		: 42
model name	: Intel(R) Core(TM) i5-2450M CPU @ 2.50GHz
stepping	: 7
microcode	: 0x25
cpu MHz		: 2500.000
cache size	: 3072 KB
physical id	: 0
siblings	: 4
core id		: 0
cpu cores	: 2
apicid		: 0
initial apicid	: 0
fpu		: yes
fpu_exception	: yes
cpuid level	: 13
wp		: yes
flags		: fpu vme de pse tsc msr pae mce cx8 apic sep mtrr pge mca cmov pat pse36 clflush dts acpi mmx fxsr sse sse2 ss ht tm pbe syscall nx rdtscp lm constant_tsc arch_perfmon pebs bts rep_good nopl xtopology nonstop_tsc aperfmperf eagerfpu pni pclmulqdq dtes64 monitor ds_cpl vmx est tm2 ssse3 cx16 xtpr pdcm pcid sse4_1 sse4_2 x2apic popcnt tsc_deadline_timer aes xsave avx lahf_lm ida arat epb xsaveopt pln pts dtherm tpr_shadow vnmi flexpriority ept vpid
bogomips	: 4988.99
clflush size	: 64
cache_alignment	: 64
address sizes	: 36 bits physical, 48 bits virtual
power management:

processor	: 1
vendor_id	: GenuineIntel
cpu family	: 6
model		: 42
model name	: Intel(R) Core(TM) i5-2450M CPU @ 2.50GHz
stepping	: 7
microcode	: 0x25
cpu MHz		: 2500.000
cache size	: 3072 KB
physical id	: 0
siblings	: 4
core id		: 1
cpu cores	: 2
apicid		: 2
initial apicid	: 2
fpu		: yes
fpu_exception	: yes
cpuid level	: 13
wp		: yes
flags		: fpu vme de pse tsc msr pae mce cx8 apic sep mtrr pge mca cmov pat pse36 clflush dts acpi mmx fxsr sse sse2 ss ht tm pbe syscall nx rdtscp lm constant_tsc arch_perfmon pebs bts rep_good nopl xtopology nonstop_tsc aperfmperf eagerfpu pni pclmulqdq dtes64 monitor ds_cpl vmx est tm2 ssse3 cx16 xtpr pdcm pcid sse4_1 sse4_2 x2apic popcnt tsc_deadline_timer aes xsave avx lahf_lm ida arat epb xsaveopt pln pts dtherm tpr_shadow vnmi flexpriority ept vpid
bogomips	: 4988.99
clflush size	: 64
cache_alignment	: 64
address sizes	: 36 bits physical, 48 bits virtual
power management:

processor	: 2
vendor_id	: GenuineIntel
cpu family	: 6
model		: 42
model name	: Intel(R) Core(TM) i5-2450M CPU @ 2.50GHz
stepping	: 7
microcode	: 0x25
cpu MHz		: 2500.000
cache size	: 3072 KB
physical id	: 0
siblings	: 4
core id		: 0
cpu cores	: 2
apicid		: 1
initial apicid	: 1
fpu		: yes
fpu_exception	: yes
cpuid level	: 13
wp		: yes
flags		: fpu vme de pse tsc msr pae mce cx8 apic sep mtrr pge mca cmov pat pse36 clflush dts acpi mmx fxsr sse sse2 ss ht tm pbe syscall nx rdtscp lm constant_tsc arch_perfmon pebs bts rep_good nopl xtopology nonstop_tsc aperfmperf eagerfpu pni pclmulqdq dtes64 monitor ds_cpl vmx est tm2 ssse3 cx16 xtpr pdcm pcid sse4_1 sse4_2 x2apic popcnt tsc_deadline_timer aes xsave avx lahf_lm ida arat epb xsaveopt pln pts dtherm tpr_shadow vnmi flexpriority ept vpid
bogomips	: 4988.99
clflush size	: 64
cache_alignment	: 64
address sizes	: 36 bits physical, 48 bits virtual
power management:

processor	: 3
vendor_id	: GenuineIntel
cpu family	: 6
model		: 42
model name	: Intel(R) Core(TM) i5-2450M CPU @ 2.50GHz
stepping	: 7
microcode	: 0x25
cpu MHz		: 2500.000
cache size	: 3072 KB
physical id	: 0
siblings	: 4
core id		: 1
cpu cores	: 2
apicid		: 3
initial apicid	: 3
fpu		: yes
fpu_exception	: yes
cpuid level	: 13
wp		: yes
flags		: fpu vme de pse tsc msr pae mce cx8 apic sep mtrr pge mca cmov pat pse36 clflush dts acpi mmx fxsr sse sse2 ss ht tm pbe syscall nx rdtscp lm constant_tsc arch_perfmon pebs bts rep_good nopl xtopology nonstop_tsc aperfmperf eagerfpu pni pclmulqdq dtes64 monitor ds_cpl vmx est tm2 ssse3 cx16 xtpr pdcm pcid sse4_1 sse4_2 x2apic popcnt tsc_deadline_timer aes xsave avx lahf_lm ida arat epb xsaveopt pln pts dtherm tpr_shadow vnmi flexpriority ept vpid
bogomips	: 4988.99
clflush size	: 64
cache_alignment	: 64
address sizes	: 36 bits physical, 48 bits virtual
power management:



Memory: 4k page, physical 6022300k(3700120k free), swap 24814588k(24814588k free)

vm_info: OpenJDK 64-Bit Server VM (23.7-b01) for linux-amd64 JRE (1.7.0_25-b30), built on Jul  3 2013 13:50:39 by "buildd" with gcc 4.7.3

time: Tue Jan 14 12:03:28 2014
elapsed time: 0 seconds

