#
# A fatal error has been detected by the Java Runtime Environment:
#
#  Internal Error (javaClasses.cpp:129), pid=7065, tid=140045314955008
#  fatal error: Invalid layout of preloaded class
#
# JRE version: 7.0_25-b30
# Java VM: OpenJDK 64-Bit Server VM (23.7-b01 mixed mode linux-amd64 compressed oops)
# Failed to write core dump. Core dumps have been disabled. To enable core dumping, try "ulimit -c unlimited" before starting Java again
#
# If you would like to submit a bug report, please include
# instructions on how to reproduce the bug and visit:
#   https://bugs.launchpad.net/ubuntu/+source/openjdk-7/
#

---------------  T H R E A D  ---------------

Current thread (0x00007f5ed0009000):  JavaThread "Unknown thread" [_thread_in_vm, id=7067, stack(0x00007f5ed7301000,0x00007f5ed7402000)]

Stack: [0x00007f5ed7301000,0x00007f5ed7402000],  sp=0x00007f5ed74009a0,  free space=1022k
Native frames: (J=compiled Java code, j=interpreted, Vv=VM code, C=native code)
V  [libjvm.so+0x84e92b]  VMError::report_and_die()+0x16b
V  [libjvm.so+0x3ebd57]  report_fatal(char const*, int, char const*)+0x57
V  [libjvm.so+0x528efa]  compute_offset(int&, klassOopDesc*, Symbol*, Symbol*, bool) [clone .constprop.123]+0x11a
V  [libjvm.so+0x529166]  java_lang_String::compute_offsets()+0x36
V  [libjvm.so+0x7dcf8d]  SystemDictionary::initialize_preloaded_classes(Thread*)+0x3d
V  [libjvm.so+0x829288]  Universe::genesis(Thread*)+0x468
V  [libjvm.so+0x82973f]  universe2_init()+0x1f
V  [libjvm.so+0x4dde1a]  init_globals()+0x9a
V  [libjvm.so+0x80d26c]  Threads::create_vm(JavaVMInitArgs*, bool*)+0x39c
V  [libjvm.so+0x545278]  JNI_CreateJavaVM+0x58
C  [libjli.so+0x2b34]  __strcat_chk+0x2b34


---------------  P R O C E S S  ---------------

Java Threads: ( => current thread )

Other Threads:

=>0x00007f5ed0009000 (exited) JavaThread "Unknown thread" [_thread_in_vm, id=7067, stack(0x00007f5ed7301000,0x00007f5ed7402000)]

VM state:not at safepoint (not fully initialized)

VM Mutex/Monitor currently owned by a thread: None

GC Heap History (0 events):
No events

Deoptimization events (0 events):
No events

Internal exceptions (0 events):
No events

Events (10 events):
Event: 0.005 loading class 0x00007f5ed002a4e0
Event: 0.006 loading class 0x00007f5ed002a4e0 done
Event: 0.006 loading class 0x00007f5ed002a540
Event: 0.006 loading class 0x00007f5ed002aca0
Event: 0.006 loading class 0x00007f5ed002aca0 done
Event: 0.006 loading class 0x00007f5ed00545c0
Event: 0.006 loading class 0x00007f5ed00545c0 done
Event: 0.006 loading class 0x00007f5ed002a540 done
Event: 0.006 loading class 0x00007f5ed002a510
Event: 0.006 loading class 0x00007f5ed002a510 done


Dynamic libraries:
00400000-00401000 r-xp 00000000 08:06 7738694                            /usr/lib/jvm/java-7-openjdk-amd64/jre/bin/java
00600000-00601000 r--p 00000000 08:06 7738694                            /usr/lib/jvm/java-7-openjdk-amd64/jre/bin/java
00601000-00602000 rw-p 00001000 08:06 7738694                            /usr/lib/jvm/java-7-openjdk-amd64/jre/bin/java
01b20000-01b41000 rw-p 00000000 00:00 0                                  [heap]
99a00000-9aec0000 rw-p 00000000 00:00 0 
9aec0000-a4000000 rw-p 00000000 00:00 0 
a4000000-a7d50000 rw-p 00000000 00:00 0 
a7d50000-e1560000 rw-p 00000000 00:00 0 
e1560000-e3400000 rw-p 00000000 00:00 0 
e3400000-100000000 rw-p 00000000 00:00 0 
7f5eb0000000-7f5eb0021000 rw-p 00000000 00:00 0 
7f5eb0021000-7f5eb4000000 ---p 00000000 00:00 0 
7f5eb8000000-7f5eb8021000 rw-p 00000000 00:00 0 
7f5eb8021000-7f5ebc000000 ---p 00000000 00:00 0 
7f5ec0000000-7f5ec0021000 rw-p 00000000 00:00 0 
7f5ec0021000-7f5ec4000000 ---p 00000000 00:00 0 
7f5ec4004000-7f5ec8000000 rw-p 00000000 00:00 0 
7f5ec8000000-7f5ec8021000 rw-p 00000000 00:00 0 
7f5ec8021000-7f5ecc000000 ---p 00000000 00:00 0 
7f5ecc4d1000-7f5ecc6dd000 rw-p 00000000 00:00 0 
7f5ecc6dd000-7f5ecc6de000 ---p 00000000 00:00 0 
7f5ecc6de000-7f5ecc7de000 rw-p 00000000 00:00 0                          [stack:7071]
7f5ecc7de000-7f5ecc7df000 ---p 00000000 00:00 0 
7f5ecc7df000-7f5ecc8df000 rw-p 00000000 00:00 0                          [stack:7070]
7f5ecc8df000-7f5ecc8e0000 ---p 00000000 00:00 0 
7f5ecc8e0000-7f5ecc9e0000 rw-p 00000000 00:00 0                          [stack:7069]
7f5ecc9e0000-7f5ecc9e1000 ---p 00000000 00:00 0 
7f5ecc9e1000-7f5eccb00000 rw-p 00000000 00:00 0                          [stack:7068]
7f5eccb00000-7f5eccccc000 rw-p 00000000 00:00 0 
7f5eccccc000-7f5ecccd7000 rw-p 00000000 00:00 0 
7f5ecccd7000-7f5eccd1f000 rw-p 00000000 00:00 0 
7f5eccd1f000-7f5eccd3e000 rw-p 00000000 00:00 0 
7f5eccd3e000-7f5eccf09000 rw-p 00000000 00:00 0 
7f5eccf09000-7f5eccf19000 rw-p 00000000 00:00 0 
7f5eccf19000-7f5eccfff000 rw-p 00000000 00:00 0 
7f5eccfff000-7f5ecd000000 rw-p 00000000 00:00 0 
7f5ecd000000-7f5ecd270000 rwxp 00000000 00:00 0 
7f5ecd270000-7f5ed005f000 rw-p 00000000 00:00 0 
7f5ed005f000-7f5ed4000000 ---p 00000000 00:00 0 
7f5ed401c000-7f5ed404f000 rw-p 00000000 00:00 0 
7f5ed404f000-7f5ed4097000 rw-p 00000000 00:00 0 
7f5ed4097000-7f5ed409f000 r-xp 00000000 08:06 7738693                    /usr/lib/jvm/java-7-openjdk-amd64/jre/lib/amd64/libzip.so
7f5ed409f000-7f5ed429e000 ---p 00008000 08:06 7738693                    /usr/lib/jvm/java-7-openjdk-amd64/jre/lib/amd64/libzip.so
7f5ed429e000-7f5ed429f000 r--p 00007000 08:06 7738693                    /usr/lib/jvm/java-7-openjdk-amd64/jre/lib/amd64/libzip.so
7f5ed429f000-7f5ed42a0000 rw-p 00008000 08:06 7738693                    /usr/lib/jvm/java-7-openjdk-amd64/jre/lib/amd64/libzip.so
7f5ed42a0000-7f5ed42ac000 r-xp 00000000 08:06 12324753                   /lib/x86_64-linux-gnu/libnss_files-2.17.so
7f5ed42ac000-7f5ed44ab000 ---p 0000c000 08:06 12324753                   /lib/x86_64-linux-gnu/libnss_files-2.17.so
7f5ed44ab000-7f5ed44ac000 r--p 0000b000 08:06 12324753                   /lib/x86_64-linux-gnu/libnss_files-2.17.so
7f5ed44ac000-7f5ed44ad000 rw-p 0000c000 08:06 12324753                   /lib/x86_64-linux-gnu/libnss_files-2.17.so
7f5ed44ad000-7f5ed44b8000 r-xp 00000000 08:06 12324760                   /lib/x86_64-linux-gnu/libnss_nis-2.17.so
7f5ed44b8000-7f5ed46b7000 ---p 0000b000 08:06 12324760                   /lib/x86_64-linux-gnu/libnss_nis-2.17.so
7f5ed46b7000-7f5ed46b8000 r--p 0000a000 08:06 12324760                   /lib/x86_64-linux-gnu/libnss_nis-2.17.so
7f5ed46b8000-7f5ed46b9000 rw-p 0000b000 08:06 12324760                   /lib/x86_64-linux-gnu/libnss_nis-2.17.so
7f5ed46b9000-7f5ed46d0000 r-xp 00000000 08:06 12324749                   /lib/x86_64-linux-gnu/libnsl-2.17.so
7f5ed46d0000-7f5ed48cf000 ---p 00017000 08:06 12324749                   /lib/x86_64-linux-gnu/libnsl-2.17.so
7f5ed48cf000-7f5ed48d0000 r--p 00016000 08:06 12324749                   /lib/x86_64-linux-gnu/libnsl-2.17.so
7f5ed48d0000-7f5ed48d1000 rw-p 00017000 08:06 12324749                   /lib/x86_64-linux-gnu/libnsl-2.17.so
7f5ed48d1000-7f5ed48d3000 rw-p 00000000 00:00 0 
7f5ed48d3000-7f5ed48db000 r-xp 00000000 08:06 12324762                   /lib/x86_64-linux-gnu/libnss_compat-2.17.so
7f5ed48db000-7f5ed4ada000 ---p 00008000 08:06 12324762                   /lib/x86_64-linux-gnu/libnss_compat-2.17.so
7f5ed4ada000-7f5ed4adb000 r--p 00007000 08:06 12324762                   /lib/x86_64-linux-gnu/libnss_compat-2.17.so
7f5ed4adb000-7f5ed4adc000 rw-p 00008000 08:06 12324762                   /lib/x86_64-linux-gnu/libnss_compat-2.17.so
7f5ed4adc000-7f5ed4b07000 r-xp 00000000 08:06 7738678                    /usr/lib/jvm/java-7-openjdk-amd64/jre/lib/amd64/libjava.so
7f5ed4b07000-7f5ed4d06000 ---p 0002b000 08:06 7738678                    /usr/lib/jvm/java-7-openjdk-amd64/jre/lib/amd64/libjava.so
7f5ed4d06000-7f5ed4d07000 r--p 0002a000 08:06 7738678                    /usr/lib/jvm/java-7-openjdk-amd64/jre/lib/amd64/libjava.so
7f5ed4d07000-7f5ed4d09000 rw-p 0002b000 08:06 7738678                    /usr/lib/jvm/java-7-openjdk-amd64/jre/lib/amd64/libjava.so
7f5ed4d09000-7f5ed4d18000 r-xp 00000000 08:06 7738677                    /usr/lib/jvm/java-7-openjdk-amd64/jre/lib/amd64/libverify.so
7f5ed4d18000-7f5ed4f17000 ---p 0000f000 08:06 7738677                    /usr/lib/jvm/java-7-openjdk-amd64/jre/lib/amd64/libverify.so
7f5ed4f17000-7f5ed4f19000 r--p 0000e000 08:06 7738677                    /usr/lib/jvm/java-7-openjdk-amd64/jre/lib/amd64/libverify.so
7f5ed4f19000-7f5ed4f1a000 rw-p 00010000 08:06 7738677                    /usr/lib/jvm/java-7-openjdk-amd64/jre/lib/amd64/libverify.so
7f5ed4f1a000-7f5ed4f21000 r-xp 00000000 08:06 12324756                   /lib/x86_64-linux-gnu/librt-2.17.so
7f5ed4f21000-7f5ed5120000 ---p 00007000 08:06 12324756                   /lib/x86_64-linux-gnu/librt-2.17.so
7f5ed5120000-7f5ed5121000 r--p 00006000 08:06 12324756                   /lib/x86_64-linux-gnu/librt-2.17.so
7f5ed5121000-7f5ed5122000 rw-p 00007000 08:06 12324756                   /lib/x86_64-linux-gnu/librt-2.17.so
7f5ed5122000-7f5ed5137000 r-xp 00000000 08:06 12321644                   /lib/x86_64-linux-gnu/libgcc_s.so.1
7f5ed5137000-7f5ed5336000 ---p 00015000 08:06 12321644                   /lib/x86_64-linux-gnu/libgcc_s.so.1
7f5ed5336000-7f5ed5337000 r--p 00014000 08:06 12321644                   /lib/x86_64-linux-gnu/libgcc_s.so.1
7f5ed5337000-7f5ed5338000 rw-p 00015000 08:06 12321644                   /lib/x86_64-linux-gnu/libgcc_s.so.1
7f5ed5338000-7f5ed543b000 r-xp 00000000 08:06 12324761                   /lib/x86_64-linux-gnu/libm-2.17.so
7f5ed543b000-7f5ed563b000 ---p 00103000 08:06 12324761                   /lib/x86_64-linux-gnu/libm-2.17.so
7f5ed563b000-7f5ed563c000 r--p 00103000 08:06 12324761                   /lib/x86_64-linux-gnu/libm-2.17.so
7f5ed563c000-7f5ed563d000 rw-p 00104000 08:06 12324761                   /lib/x86_64-linux-gnu/libm-2.17.so
7f5ed563d000-7f5ed5723000 r-xp 00000000 08:06 7613769                    /usr/lib/x86_64-linux-gnu/libstdc++.so.6.0.18
7f5ed5723000-7f5ed5922000 ---p 000e6000 08:06 7613769                    /usr/lib/x86_64-linux-gnu/libstdc++.so.6.0.18
7f5ed5922000-7f5ed592a000 r--p 000e5000 08:06 7613769                    /usr/lib/x86_64-linux-gnu/libstdc++.so.6.0.18
7f5ed592a000-7f5ed592c000 rw-p 000ed000 08:06 7613769                    /usr/lib/x86_64-linux-gnu/libstdc++.so.6.0.18
7f5ed592c000-7f5ed5941000 rw-p 00000000 00:00 0 
7f5ed5941000-7f5ed6331000 r-xp 00000000 08:06 7738682                    /usr/lib/jvm/java-7-openjdk-amd64/jre/lib/amd64/server/libjvm.so
7f5ed6331000-7f5ed6530000 ---p 009f0000 08:06 7738682                    /usr/lib/jvm/java-7-openjdk-amd64/jre/lib/amd64/server/libjvm.so
7f5ed6530000-7f5ed65af000 r--p 009ef000 08:06 7738682                    /usr/lib/jvm/java-7-openjdk-amd64/jre/lib/amd64/server/libjvm.so
7f5ed65af000-7f5ed65d2000 rw-p 00a6e000 08:06 7738682                    /usr/lib/jvm/java-7-openjdk-amd64/jre/lib/amd64/server/libjvm.so
7f5ed65d2000-7f5ed65fd000 rw-p 00000000 00:00 0 
7f5ed65fd000-7f5ed6613000 r-xp 00000000 08:06 12324633                   /lib/x86_64-linux-gnu/libz.so.1.2.7
7f5ed6613000-7f5ed6812000 ---p 00016000 08:06 12324633                   /lib/x86_64-linux-gnu/libz.so.1.2.7
7f5ed6812000-7f5ed6813000 r--p 00015000 08:06 12324633                   /lib/x86_64-linux-gnu/libz.so.1.2.7
7f5ed6813000-7f5ed6814000 rw-p 00016000 08:06 12324633                   /lib/x86_64-linux-gnu/libz.so.1.2.7
7f5ed6814000-7f5ed682c000 r-xp 00000000 08:06 12324750                   /lib/x86_64-linux-gnu/libpthread-2.17.so
7f5ed682c000-7f5ed6a2b000 ---p 00018000 08:06 12324750                   /lib/x86_64-linux-gnu/libpthread-2.17.so
7f5ed6a2b000-7f5ed6a2c000 r--p 00017000 08:06 12324750                   /lib/x86_64-linux-gnu/libpthread-2.17.so
7f5ed6a2c000-7f5ed6a2d000 rw-p 00018000 08:06 12324750                   /lib/x86_64-linux-gnu/libpthread-2.17.so
7f5ed6a2d000-7f5ed6a31000 rw-p 00000000 00:00 0 
7f5ed6a31000-7f5ed6a34000 r-xp 00000000 08:06 12324752                   /lib/x86_64-linux-gnu/libdl-2.17.so
7f5ed6a34000-7f5ed6c33000 ---p 00003000 08:06 12324752                   /lib/x86_64-linux-gnu/libdl-2.17.so
7f5ed6c33000-7f5ed6c34000 r--p 00002000 08:06 12324752                   /lib/x86_64-linux-gnu/libdl-2.17.so
7f5ed6c34000-7f5ed6c35000 rw-p 00003000 08:06 12324752                   /lib/x86_64-linux-gnu/libdl-2.17.so
7f5ed6c35000-7f5ed6df4000 r-xp 00000000 08:06 12324764                   /lib/x86_64-linux-gnu/libc-2.17.so
7f5ed6df4000-7f5ed6ff3000 ---p 001bf000 08:06 12324764                   /lib/x86_64-linux-gnu/libc-2.17.so
7f5ed6ff3000-7f5ed6ff7000 r--p 001be000 08:06 12324764                   /lib/x86_64-linux-gnu/libc-2.17.so
7f5ed6ff7000-7f5ed6ff9000 rw-p 001c2000 08:06 12324764                   /lib/x86_64-linux-gnu/libc-2.17.so
7f5ed6ff9000-7f5ed6ffe000 rw-p 00000000 00:00 0 
7f5ed6ffe000-7f5ed700b000 r-xp 00000000 08:06 7738661                    /usr/lib/jvm/java-7-openjdk-amd64/jre/lib/amd64/jli/libjli.so
7f5ed700b000-7f5ed720a000 ---p 0000d000 08:06 7738661                    /usr/lib/jvm/java-7-openjdk-amd64/jre/lib/amd64/jli/libjli.so
7f5ed720a000-7f5ed720b000 r--p 0000c000 08:06 7738661                    /usr/lib/jvm/java-7-openjdk-amd64/jre/lib/amd64/jli/libjli.so
7f5ed720b000-7f5ed720c000 rw-p 0000d000 08:06 7738661                    /usr/lib/jvm/java-7-openjdk-amd64/jre/lib/amd64/jli/libjli.so
7f5ed720c000-7f5ed722f000 r-xp 00000000 08:06 12324743                   /lib/x86_64-linux-gnu/ld-2.17.so
7f5ed7241000-7f5ed724b000 rw-p 00000000 00:00 0 
7f5ed724b000-7f5ed7301000 rw-p 00000000 00:00 0 
7f5ed7301000-7f5ed7304000 ---p 00000000 00:00 0 
7f5ed7304000-7f5ed7407000 rw-p 00000000 00:00 0                          [stack:7067]
7f5ed7410000-7f5ed7412000 rw-p 00000000 00:00 0 
7f5ed7412000-7f5ed7422000 r--s 000bf000 08:06 812416                     /home/leni/leJOS_NXJ/lib/nxt/classes.jar
7f5ed7422000-7f5ed742a000 rw-s 00000000 08:06 10623063                   /tmp/hsperfdata_leni/7065
7f5ed742a000-7f5ed742b000 rw-p 00000000 00:00 0 
7f5ed742b000-7f5ed742c000 r--p 00000000 00:00 0 
7f5ed742c000-7f5ed742e000 rw-p 00000000 00:00 0 
7f5ed742e000-7f5ed742f000 r--p 00022000 08:06 12324743                   /lib/x86_64-linux-gnu/ld-2.17.so
7f5ed742f000-7f5ed7431000 rw-p 00023000 08:06 12324743                   /lib/x86_64-linux-gnu/ld-2.17.so
7fff9d75d000-7fff9d77e000 rw-p 00000000 00:00 0                          [stack]
7fff9d7fe000-7fff9d800000 r-xp 00000000 00:00 0                          [vdso]
ffffffffff600000-ffffffffff601000 r-xp 00000000 00:00 0                  [vsyscall]

VM Arguments:
jvm_args: -Dfile.encoding=UTF-8 -Xbootclasspath:/home/leni/leJOS_NXJ/lib/nxt/classes.jar 
java_command: Main
Launcher Type: SUN_STANDARD

Environment Variables:
PATH=/home/leni/leJOS_NXJ/bin:/usr/local/sbin:/usr/local/bin:/usr/sbin:/usr/bin:/sbin:/bin:/usr/games:/usr/local/games
USERNAME=leni
SHELL=/bin/bash
DISPLAY=:3

Signal Handlers:
SIGSEGV: [libjvm.so+0x84f410], sa_mask[0]=0x7ffbfeff, sa_flags=0x10000004
SIGBUS: [libjvm.so+0x84f410], sa_mask[0]=0x7ffbfeff, sa_flags=0x10000004
SIGFPE: [libjvm.so+0x6f19a0], sa_mask[0]=0x7ffbfeff, sa_flags=0x10000004
SIGPIPE: [libjvm.so+0x6f19a0], sa_mask[0]=0x7ffbfeff, sa_flags=0x10000004
SIGXFSZ: [libjvm.so+0x6f19a0], sa_mask[0]=0x7ffbfeff, sa_flags=0x10000004
SIGILL: [libjvm.so+0x6f19a0], sa_mask[0]=0x7ffbfeff, sa_flags=0x10000004
SIGUSR1: SIG_DFL, sa_mask[0]=0x00000000, sa_flags=0x00000000
SIGUSR2: [libjvm.so+0x6f1d70], sa_mask[0]=0x00000004, sa_flags=0x10000004
SIGHUP: SIG_DFL, sa_mask[0]=0x00000000, sa_flags=0x00000000
SIGINT: SIG_DFL, sa_mask[0]=0x00000000, sa_flags=0x00000000
SIGTERM: SIG_DFL, sa_mask[0]=0x00000000, sa_flags=0x00000000
SIGQUIT: SIG_DFL, sa_mask[0]=0x00000000, sa_flags=0x00000000


---------------  S Y S T E M  ---------------

OS:LinuxMint 15 (olivia)
uname:Linux 3.8.0-34-generic #49-Ubuntu SMP Tue Nov 12 18:00:10 UTC 2013 x86_64
libc:glibc 2.17 NPTL 2.17 
rlimit: STACK 8192k, CORE 0k, NPROC 46781, NOFILE 4096, AS infinity
load average:0.66 0.85 0.86

/proc/meminfo:
MemTotal:        6022200 kB
MemFree:         3414776 kB
Buffers:          103416 kB
Cached:          1082380 kB
SwapCached:            0 kB
Active:          1655052 kB
Inactive:         773908 kB
Active(anon):    1256288 kB
Inactive(anon):   199680 kB
Active(file):     398764 kB
Inactive(file):   574228 kB
Unevictable:          48 kB
Mlocked:              48 kB
SwapTotal:      24814588 kB
SwapFree:       24814588 kB
Dirty:                12 kB
Writeback:             0 kB
AnonPages:       1243744 kB
Mapped:           243928 kB
Shmem:            212900 kB
Slab:              74904 kB
SReclaimable:      48648 kB
SUnreclaim:        26256 kB
KernelStack:        3888 kB
PageTables:        25368 kB
NFS_Unstable:          0 kB
Bounce:                0 kB
WritebackTmp:          0 kB
CommitLimit:    27825688 kB
Committed_AS:    3733920 kB
VmallocTotal:   34359738367 kB
VmallocUsed:      360328 kB
VmallocChunk:   34359375404 kB
HardwareCorrupted:     0 kB
AnonHugePages:         0 kB
HugePages_Total:       0
HugePages_Free:        0
HugePages_Rsvd:        0
HugePages_Surp:        0
Hugepagesize:       2048 kB
DirectMap4k:       77812 kB
DirectMap2M:     6129664 kB


CPU:total 4 (2 cores per cpu, 2 threads per core) family 6 model 42 stepping 7, cmov, cx8, fxsr, mmx, sse, sse2, sse3, ssse3, sse4.1, sse4.2, popcnt, avx, ht, tsc, tscinvbit

/proc/cpuinfo:
processor	: 0
vendor_id	: GenuineIntel
cpu family	: 6
model		: 42
model name	: Intel(R) Core(TM) i5-2450M CPU @ 2.50GHz
stepping	: 7
microcode	: 0x25
cpu MHz		: 1000.000
cache size	: 3072 KB
physical id	: 0
siblings	: 4
core id		: 0
cpu cores	: 2
apicid		: 0
initial apicid	: 0
fpu		: yes
fpu_exception	: yes
cpuid level	: 13
wp		: yes
flags		: fpu vme de pse tsc msr pae mce cx8 apic sep mtrr pge mca cmov pat pse36 clflush dts acpi mmx fxsr sse sse2 ss ht tm pbe syscall nx rdtscp lm constant_tsc arch_perfmon pebs bts rep_good nopl xtopology nonstop_tsc aperfmperf eagerfpu pni pclmulqdq dtes64 monitor ds_cpl vmx est tm2 ssse3 cx16 xtpr pdcm pcid sse4_1 sse4_2 x2apic popcnt tsc_deadline_timer aes xsave avx lahf_lm ida arat epb xsaveopt pln pts dtherm tpr_shadow vnmi flexpriority ept vpid
bogomips	: 4989.08
clflush size	: 64
cache_alignment	: 64
address sizes	: 36 bits physical, 48 bits virtual
power management:

processor	: 1
vendor_id	: GenuineIntel
cpu family	: 6
model		: 42
model name	: Intel(R) Core(TM) i5-2450M CPU @ 2.50GHz
stepping	: 7
microcode	: 0x25
cpu MHz		: 2500.000
cache size	: 3072 KB
physical id	: 0
siblings	: 4
core id		: 1
cpu cores	: 2
apicid		: 2
initial apicid	: 2
fpu		: yes
fpu_exception	: yes
cpuid level	: 13
wp		: yes
flags		: fpu vme de pse tsc msr pae mce cx8 apic sep mtrr pge mca cmov pat pse36 clflush dts acpi mmx fxsr sse sse2 ss ht tm pbe syscall nx rdtscp lm constant_tsc arch_perfmon pebs bts rep_good nopl xtopology nonstop_tsc aperfmperf eagerfpu pni pclmulqdq dtes64 monitor ds_cpl vmx est tm2 ssse3 cx16 xtpr pdcm pcid sse4_1 sse4_2 x2apic popcnt tsc_deadline_timer aes xsave avx lahf_lm ida arat epb xsaveopt pln pts dtherm tpr_shadow vnmi flexpriority ept vpid
bogomips	: 4989.08
clflush size	: 64
cache_alignment	: 64
address sizes	: 36 bits physical, 48 bits virtual
power management:

processor	: 2
vendor_id	: GenuineIntel
cpu family	: 6
model		: 42
model name	: Intel(R) Core(TM) i5-2450M CPU @ 2.50GHz
stepping	: 7
microcode	: 0x25
cpu MHz		: 2500.000
cache size	: 3072 KB
physical id	: 0
siblings	: 4
core id		: 0
cpu cores	: 2
apicid		: 1
initial apicid	: 1
fpu		: yes
fpu_exception	: yes
cpuid level	: 13
wp		: yes
flags		: fpu vme de pse tsc msr pae mce cx8 apic sep mtrr pge mca cmov pat pse36 clflush dts acpi mmx fxsr sse sse2 ss ht tm pbe syscall nx rdtscp lm constant_tsc arch_perfmon pebs bts rep_good nopl xtopology nonstop_tsc aperfmperf eagerfpu pni pclmulqdq dtes64 monitor ds_cpl vmx est tm2 ssse3 cx16 xtpr pdcm pcid sse4_1 sse4_2 x2apic popcnt tsc_deadline_timer aes xsave avx lahf_lm ida arat epb xsaveopt pln pts dtherm tpr_shadow vnmi flexpriority ept vpid
bogomips	: 4989.08
clflush size	: 64
cache_alignment	: 64
address sizes	: 36 bits physical, 48 bits virtual
power management:

processor	: 3
vendor_id	: GenuineIntel
cpu family	: 6
model		: 42
model name	: Intel(R) Core(TM) i5-2450M CPU @ 2.50GHz
stepping	: 7
microcode	: 0x25
cpu MHz		: 2500.000
cache size	: 3072 KB
physical id	: 0
siblings	: 4
core id		: 1
cpu cores	: 2
apicid		: 3
initial apicid	: 3
fpu		: yes
fpu_exception	: yes
cpuid level	: 13
wp		: yes
flags		: fpu vme de pse tsc msr pae mce cx8 apic sep mtrr pge mca cmov pat pse36 clflush dts acpi mmx fxsr sse sse2 ss ht tm pbe syscall nx rdtscp lm constant_tsc arch_perfmon pebs bts rep_good nopl xtopology nonstop_tsc aperfmperf eagerfpu pni pclmulqdq dtes64 monitor ds_cpl vmx est tm2 ssse3 cx16 xtpr pdcm pcid sse4_1 sse4_2 x2apic popcnt tsc_deadline_timer aes xsave avx lahf_lm ida arat epb xsaveopt pln pts dtherm tpr_shadow vnmi flexpriority ept vpid
bogomips	: 4989.08
clflush size	: 64
cache_alignment	: 64
address sizes	: 36 bits physical, 48 bits virtual
power management:



Memory: 4k page, physical 6022200k(3414776k free), swap 24814588k(24814588k free)

vm_info: OpenJDK 64-Bit Server VM (23.7-b01) for linux-amd64 JRE (1.7.0_25-b30), built on Jul  3 2013 13:50:39 by "buildd" with gcc 4.7.3

time: Sun Jan 12 15:19:52 2014
elapsed time: 0 seconds

